DEBUG:django.db.backends:(0.000) SELECT `student_userstanding`.`id`, `student_userstanding`.`user_id`, `student_userstanding`.`account_status`, `student_userstanding`.`changed_by_id`, `student_userstanding`.`standing_last_changed_at` FROM `student_userstanding` WHERE `student_userstanding`.`user_id` = 4 ; args=(4,)
DEBUG:django.db.backends:(0.000) SELECT `user_api_usercoursetag`.`key`, `user_api_usercoursetag`.`value` FROM `user_api_usercoursetag` WHERE (`user_api_usercoursetag`.`course_id` = 'course-v1:edX+DemoX+Demo_Course'  AND `user_api_usercoursetag`.`user_id` = 4 ); args=(u'course-v1:edX+DemoX+Demo_Course', 4)
DEBUG:django.db.backends:(0.000) SELECT `auth_user`.`id`, `auth_user`.`username`, `auth_user`.`first_name`, `auth_user`.`last_name`, `auth_user`.`email`, `auth_user`.`password`, `auth_user`.`is_staff`, `auth_user`.`is_active`, `auth_user`.`is_superuser`, `auth_user`.`last_login`, `auth_user`.`date_joined` FROM `auth_user` WHERE `auth_user`.`username` = 'staff' ; args=(u'staff',)
DEBUG:django.db.backends:(0.000) SELECT `user_api_userpreference`.`id`, `user_api_userpreference`.`user_id`, `user_api_userpreference`.`key`, `user_api_userpreference`.`value` FROM `user_api_userpreference` WHERE (`user_api_userpreference`.`user_id` = 4  AND `user_api_userpreference`.`key` = 'pref-lang' ); args=(4, 'pref-lang')
DEBUG:django.db.backends:(0.000) SELECT `auth_user`.`id`, `auth_user`.`username`, `auth_user`.`first_name`, `auth_user`.`last_name`, `auth_user`.`email`, `auth_user`.`password`, `auth_user`.`is_staff`, `auth_user`.`is_active`, `auth_user`.`is_superuser`, `auth_user`.`last_login`, `auth_user`.`date_joined` FROM `auth_user` WHERE `auth_user`.`username` = 'staff' ; args=(u'staff',)
DEBUG:django.db.backends:(0.000) SELECT `user_api_userpreference`.`id`, `user_api_userpreference`.`user_id`, `user_api_userpreference`.`key`, `user_api_userpreference`.`value` FROM `user_api_userpreference` WHERE (`user_api_userpreference`.`user_id` = 4  AND `user_api_userpreference`.`key` = 'dark-lang' ); args=(4, 'dark-lang')
DEBUG:django.db.backends:(0.000) SELECT `instructor_task_instructortask`.`id`, `instructor_task_instructortask`.`task_type`, `instructor_task_instructortask`.`course_id`, `instructor_task_instructortask`.`task_key`, `instructor_task_instructortask`.`task_input`, `instructor_task_instructortask`.`task_id`, `instructor_task_instructortask`.`task_state`, `instructor_task_instructortask`.`task_output`, `instructor_task_instructortask`.`requester_id`,
`instructor_task_instructortask`.`created`, `instructor_task_instructortask`.`updated`, `instructor_task_instructortask`.`subtasks` FROM `instructor_task_instructortask` WHERE (`instructor_task_instructortask`.`course_id` = 'course-v1:edX+DemoX+Demo_Course'  AND `instructor_task_instructortask`.`task_type` = 'cohort_students'  AND `instructor_task_instructortask`.`task_key` = ''  AND NOT ((`instructor_task_instructortask`.`task_state` = 'FAILURE'  AND
`instructor_task_instructortask`.`task_state` IS NOT NULL)) AND NOT ((`instructor_task_instructortask`.`task_state` = 'REVOKED'  AND `instructor_task_instructortask`.`task_state` IS NOT NULL)) AND NOT ((`instructor_task_instructortask`.`task_state` = 'SUCCESS'  AND `instructor_task_instructortask`.`task_state` IS NOT NULL))); args=(u'course-v1:edX+DemoX+Demo_Course', 'cohort_students', '', 'FAILURE', 'REVOKED', 'SUCCESS')
DEBUG:django.db.backends:(0.000) SELECT `instructor_task_instructortask`.`id`, `instructor_task_instructortask`.`task_type`, `instructor_task_instructortask`.`course_id`, `instructor_task_instructortask`.`task_key`, `instructor_task_instructortask`.`task_input`, `instructor_task_instructortask`.`task_id`, `instructor_task_instructortask`.`task_state`, `instructor_task_instructortask`.`task_output`, `instructor_task_instructortask`.`requester_id`,
`instructor_task_instructortask`.`created`, `instructor_task_instructortask`.`updated`, `instructor_task_instructortask`.`subtasks` FROM `instructor_task_instructortask` ORDER BY `instructor_task_instructortask`.`id` DESC LIMIT 1; args=()
WARNING:instructor_task.api_helper:No duplicate tasks found: task_type cohort_students, task_key , and most recent task_id = 23
DEBUG:django.db.backends:(0.000) INSERT INTO `instructor_task_instructortask` (`task_type`, `course_id`, `task_key`, `task_input`, `task_id`, `task_state`, `task_output`, `requester_id`, `created`, `updated`, `subtasks`) VALUES ('cohort_students', 'course-v1:edX+DemoX+Demo_Course', '', '{\"file_name\": \"edX_DemoX_Demo_Course_cohorts_2015-10-22-174710.csv\"}', '492a6cd3-1421-4152-863e-52e1a0005802', 'QUEUING', NULL, 4, '2015-10-22 17:47:10', '2015-10-22 17:47:10', '');
args=['cohort_students', u'course-v1:edX+DemoX+Demo_Course', '', '{"file_name": "edX_DemoX_Demo_Course_cohorts_2015-10-22-174710.csv"}', '492a6cd3-1421-4152-863e-52e1a0005802', 'QUEUING', None, 4, u'2015-10-22 17:47:10', u'2015-10-22 17:47:10', '']
DEBUG:django.db.backends:(0.000) SELECT `instructor_task_instructortask`.`id`, `instructor_task_instructortask`.`task_type`, `instructor_task_instructortask`.`course_id`, `instructor_task_instructortask`.`task_key`, `instructor_task_instructortask`.`task_input`, `instructor_task_instructortask`.`task_id`, `instructor_task_instructortask`.`task_state`, `instructor_task_instructortask`.`task_output`, `instructor_task_instructortask`.`requester_id`,
`instructor_task_instructortask`.`created`, `instructor_task_instructortask`.`updated`, `instructor_task_instructortask`.`subtasks` FROM `instructor_task_instructortask` WHERE `instructor_task_instructortask`.`id` = 24 ; args=(24,)
DEBUG:django.db.backends:(0.000) SELECT (1) AS `a` FROM `instructor_task_instructortask` WHERE `instructor_task_instructortask`.`id` = 24  LIMIT 1; args=(24,)
DEBUG:django.db.backends:(0.000) UPDATE `instructor_task_instructortask` SET `task_type` = 'cohort_students', `course_id` = 'course-v1:edX+DemoX+Demo_Course', `task_key` = '', `task_input` = '{\"file_name\": \"edX_DemoX_Demo_Course_cohorts_2015-10-22-174710.csv\"}', `task_id` = '492a6cd3-1421-4152-863e-52e1a0005802', `task_state` = 'PROGRESS', `task_output` = NULL, `requester_id` = 4, `created` = '2015-10-22 17:47:10', `updated` = '2015-10-22 17:47:10', `subtasks` = '' WHERE
`instructor_task_instructortask`.`id` = 24 ; args=(u'cohort_students', u'course-v1:edX+DemoX+Demo_Course', u'', u'{"file_name": "edX_DemoX_Demo_Course_cohorts_2015-10-22-174710.csv"}', u'492a6cd3-1421-4152-863e-52e1a0005802', 'PROGRESS', 4, u'2015-10-22 17:47:10', u'2015-10-22 17:47:10', u'', 24)
DEBUG:django.db.backends:(0.000) SELECT `course_groups_courseusergroup`.`id`, `course_groups_courseusergroup`.`name`, `course_groups_courseusergroup`.`course_id`, `course_groups_courseusergroup`.`group_type` FROM `course_groups_courseusergroup` WHERE (`course_groups_courseusergroup`.`course_id` = 'course-v1:edX+DemoX+Demo_Course'  AND `course_groups_courseusergroup`.`name` = 'test 1'  AND `course_groups_courseusergroup`.`group_type` = 'cohort' ); args=(u'course-v1:edX+DemoX+Demo_Course',
u'test 1', 'cohort')
DEBUG:django.db.backends:(0.000) SELECT `auth_user`.`id`, `auth_user`.`username`, `auth_user`.`first_name`, `auth_user`.`last_name`, `auth_user`.`email`, `auth_user`.`password`, `auth_user`.`is_staff`, `auth_user`.`is_active`, `auth_user`.`is_superuser`, `auth_user`.`last_login`, `auth_user`.`date_joined` FROM `auth_user` WHERE `auth_user`.`email` = 'verified@example.com' ; args=(u'verified@example.com',)
DEBUG:django.db.backends:(0.000) SELECT (1) AS `a` FROM `course_groups_courseusergroup` WHERE `course_groups_courseusergroup`.`id` = 1  LIMIT 1; args=(1,)
DEBUG:django.db.backends:(0.000) SELECT (1) AS `a` FROM `auth_user` WHERE `auth_user`.`id` = 3  LIMIT 1; args=(3,)
Trying to add user to test 1
entering loop, trying to get membership for user 3, course course-v1:edX+DemoX+Demo_Course
DEBUG:django.db.backends:(0.000) SELECT `course_groups_cohortmembership`.`id`, `course_groups_cohortmembership`.`course_user_group_id`, `course_groups_cohortmembership`.`user_id`, `course_groups_cohortmembership`.`version`, `course_groups_cohortmembership`.`course_id` FROM `course_groups_cohortmembership` WHERE (`course_groups_cohortmembership`.`course_id` = 'course-v1:edX+DemoX+Demo_Course'  AND `course_groups_cohortmembership`.`user_id` = 3 );
args=(u'course-v1:edX+DemoX+Demo_Course', 3)
No saved_membership!
DEBUG:django.db.backends:(0.000) SELECT `student_userstanding`.`id`, `student_userstanding`.`user_id`, `student_userstanding`.`account_status`, `student_userstanding`.`changed_by_id`, `student_userstanding`.`standing_last_changed_at` FROM `student_userstanding` WHERE `student_userstanding`.`user_id` = 4 ; args=(4,)
DEBUG:django.db.backends:(0.000) SELECT `user_api_usercoursetag`.`key`, `user_api_usercoursetag`.`value` FROM `user_api_usercoursetag` WHERE (`user_api_usercoursetag`.`course_id` = 'course-v1:edX+DemoX+Demo_Course'  AND `user_api_usercoursetag`.`user_id` = 4 ); args=(u'course-v1:edX+DemoX+Demo_Course', 4)
DEBUG:django.db.backends:(0.000) SELECT `auth_user`.`id`, `auth_user`.`username`, `auth_user`.`first_name`, `auth_user`.`last_name`, `auth_user`.`email`, `auth_user`.`password`, `auth_user`.`is_staff`, `auth_user`.`is_active`, `auth_user`.`is_superuser`, `auth_user`.`last_login`, `auth_user`.`date_joined` FROM `auth_user` WHERE `auth_user`.`username` = 'staff' ; args=(u'staff',)
DEBUG:django.db.backends:(0.000) SELECT `user_api_userpreference`.`id`, `user_api_userpreference`.`user_id`, `user_api_userpreference`.`key`, `user_api_userpreference`.`value` FROM `user_api_userpreference` WHERE (`user_api_userpreference`.`user_id` = 4  AND `user_api_userpreference`.`key` = 'pref-lang' ); args=(4, 'pref-lang')
DEBUG:django.db.backends:(0.000) SELECT `auth_user`.`id`, `auth_user`.`username`, `auth_user`.`first_name`, `auth_user`.`last_name`, `auth_user`.`email`, `auth_user`.`password`, `auth_user`.`is_staff`, `auth_user`.`is_active`, `auth_user`.`is_superuser`, `auth_user`.`last_login`, `auth_user`.`date_joined` FROM `auth_user` WHERE `auth_user`.`username` = 'staff' ; args=(u'staff',)
DEBUG:django.db.backends:(0.000) SELECT `user_api_userpreference`.`id`, `user_api_userpreference`.`user_id`, `user_api_userpreference`.`key`, `user_api_userpreference`.`value` FROM `user_api_userpreference` WHERE (`user_api_userpreference`.`user_id` = 4  AND `user_api_userpreference`.`key` = 'dark-lang' ); args=(4, 'dark-lang')
DEBUG:django.db.backends:(0.000) SELECT `course_groups_courseusergroup`.`id`, `course_groups_courseusergroup`.`name`, `course_groups_courseusergroup`.`course_id`, `course_groups_courseusergroup`.`group_type` FROM `course_groups_courseusergroup` WHERE (`course_groups_courseusergroup`.`course_id` = 'course-v1:edX+DemoX+Demo_Course'  AND `course_groups_courseusergroup`.`id` = 2  AND `course_groups_courseusergroup`.`group_type` = 'cohort' ); args=(u'course-v1:edX+DemoX+Demo_Course',
2, 'cohort')
DEBUG:django.db.backends:(0.000) SELECT `auth_user`.`id`, `auth_user`.`username`, `auth_user`.`first_name`, `auth_user`.`last_name`, `auth_user`.`email`, `auth_user`.`password`, `auth_user`.`is_staff`, `auth_user`.`is_active`, `auth_user`.`is_superuser`, `auth_user`.`last_login`, `auth_user`.`date_joined` FROM `auth_user` WHERE `auth_user`.`username` = 'verified' ; args=(u'verified',)
DEBUG:django.db.backends:(0.000) SELECT (1) AS `a` FROM `course_groups_courseusergroup` WHERE `course_groups_courseusergroup`.`id` = 2  LIMIT 1; args=(2,)
DEBUG:django.db.backends:(0.000) SELECT (1) AS `a` FROM `auth_user` WHERE `auth_user`.`id` = 3  LIMIT 1; args=(3,)
Trying to add user to test 2
entering loop, trying to get membership for user 3, course course-v1:edX+DemoX+Demo_Course
DEBUG:django.db.backends:(0.000) SELECT `course_groups_cohortmembership`.`id`, `course_groups_cohortmembership`.`course_user_group_id`, `course_groups_cohortmembership`.`user_id`, `course_groups_cohortmembership`.`version`, `course_groups_cohortmembership`.`course_id` FROM `course_groups_cohortmembership` WHERE (`course_groups_cohortmembership`.`course_id` = 'course-v1:edX+DemoX+Demo_Course'  AND `course_groups_cohortmembership`.`user_id` = 3 );
args=(u'course-v1:edX+DemoX+Demo_Course', 3)
No saved_membership!
DEBUG:django.db.backends:(0.000) SELECT `course_groups_courseusergroup_users`.`user_id` FROM `course_groups_courseusergroup_users` WHERE (`course_groups_courseusergroup_users`.`courseusergroup_id` = 1  AND `course_groups_courseusergroup_users`.`user_id` IN (3)); args=(1, 3)
DEBUG:django.db.backends:(0.000) INSERT INTO `course_groups_courseusergroup_users` (`courseusergroup_id`, `user_id`) VALUES (1, 3); args=(1, 3)
DEBUG:django.db.backends:(0.000) SELECT `course_groups_courseusergroup_users`.`courseusergroup_id` FROM `course_groups_courseusergroup_users` WHERE (`course_groups_courseusergroup_users`.`courseusergroup_id` IN (1) AND `course_groups_courseusergroup_users`.`user_id` = 3 ); args=(1, 3)
DEBUG:django.db.backends:(0.000) INSERT INTO `course_groups_cohortmembership` (`course_user_group_id`, `user_id`, `version`, `course_id`) VALUES (1, 3, 0, 'course-v1:edX+DemoX+Demo_Course'); args=[1, 3, 0, u'course-v1:edX+DemoX+Demo_Course']
User verified now in group test 1 in course course-v1:edX+DemoX+Demo_Course. Now at version
DEBUG:django.db.backends:(0.000) SELECT `instructor_task_instructortask`.`id`, `instructor_task_instructortask`.`task_type`, `instructor_task_instructortask`.`course_id`, `instructor_task_instructortask`.`task_key`, `instructor_task_instructortask`.`task_input`, `instructor_task_instructortask`.`task_id`, `instructor_task_instructortask`.`task_state`, `instructor_task_instructortask`.`task_output`, `instructor_task_instructortask`.`requester_id`,
`instructor_task_instructortask`.`created`, `instructor_task_instructortask`.`updated`, `instructor_task_instructortask`.`subtasks` FROM `instructor_task_instructortask` WHERE `instructor_task_instructortask`.`id` = 24 ; args=(24,)
DEBUG:django.db.backends:(0.000) SELECT (1) AS `a` FROM `instructor_task_instructortask` WHERE `instructor_task_instructortask`.`id` = 24  LIMIT 1; args=(24,)
DEBUG:django.db.backends:(0.000) UPDATE `instructor_task_instructortask` SET `task_type` = 'cohort_students', `course_id` = 'course-v1:edX+DemoX+Demo_Course', `task_key` = '', `task_input` = '{\"file_name\": \"edX_DemoX_Demo_Course_cohorts_2015-10-22-174710.csv\"}', `task_id` = '492a6cd3-1421-4152-863e-52e1a0005802', `task_state` = 'SUCCESS', `task_output` = '{\"skipped\": 0, \"succeeded\": 1, \"attempted\": 1, \"action_name\": \"cohorted\", \"failed\": 0, \"step\":
\"Uploading CSV\", \"duration_ms\": 10055, \"total\": 1}', `requester_id` = 4, `created` = '2015-10-22 17:47:10', `updated` = '2015-10-22 17:47:20', `subtasks` = '' WHERE `instructor_task_instructortask`.`id` = 24 ; args=(u'cohort_students', u'course-v1:edX+DemoX+Demo_Course', u'', u'{"file_name": "edX_DemoX_Demo_Course_cohorts_2015-10-22-174710.csv"}', u'492a6cd3-1421-4152-863e-52e1a0005802', 'SUCCESS', '{"skipped": 0, "succeeded": 1, "attempted": 1,
"action_name": "cohorted", "failed": 0, "step": "Uploading CSV", "duration_ms": 10055, "total": 1}', 4, u'2015-10-22 17:47:10', u'2015-10-22 17:47:20', u'', 24)
[22/Oct/2015 13:47:20] "POST /courses/course-v1:edX+DemoX+Demo_Course/instructor/api/add_users_to_cohorts HTTP/1.1" 204 0
DEBUG:django.db.backends:(0.000) SELECT `course_groups_courseusergroup_users`.`user_id` FROM `course_groups_courseusergroup_users` WHERE (`course_groups_courseusergroup_users`.`courseusergroup_id` = 2  AND `course_groups_courseusergroup_users`.`user_id` IN (3)); args=(2, 3)
DEBUG:django.db.backends:(0.001) INSERT INTO `course_groups_courseusergroup_users` (`courseusergroup_id`, `user_id`) VALUES (2, 3); args=(2, 3)
DEBUG:django.db.backends:(0.000) SELECT `course_groups_courseusergroup_users`.`courseusergroup_id` FROM `course_groups_courseusergroup_users` WHERE (`course_groups_courseusergroup_users`.`courseusergroup_id` IN (2) AND `course_groups_courseusergroup_users`.`user_id` = 3 ); args=(2, 3)
DEBUG:django.db.backends:(0.000) INSERT INTO `course_groups_cohortmembership` (`course_user_group_id`, `user_id`, `version`, `course_id`) VALUES (2, 3, 0, 'course-v1:edX+DemoX+Demo_Course'); args=[2, 3, 0, u'course-v1:edX+DemoX+Demo_Course']
could not save membership, trying again
entering loop, trying to get membership for user 3, course course-v1:edX+DemoX+Demo_Course
DEBUG:django.db.backends:(0.000) SELECT `course_groups_cohortmembership`.`id`, `course_groups_cohortmembership`.`course_user_group_id`, `course_groups_cohortmembership`.`user_id`, `course_groups_cohortmembership`.`version`, `course_groups_cohortmembership`.`course_id` FROM `course_groups_cohortmembership` WHERE (`course_groups_cohortmembership`.`course_id` = 'course-v1:edX+DemoX+Demo_Course'  AND `course_groups_cohortmembership`.`user_id` = 3 );
args=(u'course-v1:edX+DemoX+Demo_Course', 3)
DEBUG:django.db.backends:(0.000) SELECT `course_groups_courseusergroup`.`id`, `course_groups_courseusergroup`.`name`, `course_groups_courseusergroup`.`course_id`, `course_groups_courseusergroup`.`group_type` FROM `course_groups_courseusergroup` WHERE `course_groups_courseusergroup`.`id` = 1 ; args=(1,)
DEBUG:django.db.backends:(0.000) SELECT `course_groups_courseusergroup_users`.`user_id` FROM `course_groups_courseusergroup_users` WHERE (`course_groups_courseusergroup_users`.`courseusergroup_id` = 2  AND `course_groups_courseusergroup_users`.`user_id` IN (3)); args=(2, 3)
DEBUG:django.db.backends:(0.000) INSERT INTO `course_groups_courseusergroup_users` (`courseusergroup_id`, `user_id`) VALUES (2, 3); args=(2, 3)
DEBUG:django.db.backends:(0.000) SELECT `course_groups_courseusergroup_users`.`courseusergroup_id` FROM `course_groups_courseusergroup_users` WHERE (`course_groups_courseusergroup_users`.`courseusergroup_id` IN (2) AND `course_groups_courseusergroup_users`.`user_id` = 3 ); args=(2, 3)
DEBUG:django.db.backends:(0.000) SELECT `course_groups_courseusergroup_users`.`id`, `course_groups_courseusergroup_users`.`courseusergroup_id`, `course_groups_courseusergroup_users`.`user_id` FROM `course_groups_courseusergroup_users` WHERE (`course_groups_courseusergroup_users`.`courseusergroup_id` = 1  AND `course_groups_courseusergroup_users`.`user_id` IN (3)); args=(1, 3)
DEBUG:django.db.backends:(0.001) DELETE FROM `course_groups_courseusergroup_users` WHERE `id` IN (1); args=(1,)
DEBUG:django.db.backends:(0.000) SELECT `course_groups_courseusergroup_users`.`id`, `course_groups_courseusergroup_users`.`courseusergroup_id`, `course_groups_courseusergroup_users`.`user_id` FROM `course_groups_courseusergroup_users` WHERE (`course_groups_courseusergroup_users`.`courseusergroup_id` IN (1) AND `course_groups_courseusergroup_users`.`user_id` = 3 ); args=(1, 3)
DEBUG:django.db.backends:(0.000) SELECT `course_groups_courseusergroup`.`id`, `course_groups_courseusergroup`.`name`, `course_groups_courseusergroup`.`course_id`, `course_groups_courseusergroup`.`group_type` FROM `course_groups_courseusergroup` WHERE (`course_groups_courseusergroup`.`id` IN (1) AND `course_groups_courseusergroup`.`group_type` = 'cohort' ); args=(1, 'cohort')
DEBUG:django.db.backends:(0.000) UPDATE `course_groups_cohortmembership` SET `version` = 1, `course_user_group_id` = 2 WHERE (`course_groups_cohortmembership`.`version` = 0  AND `course_groups_cohortmembership`.`id` = 1 ); args=(1, 2L, 0, 1)
User verified now in group test 2 in course course-v1:edX+DemoX+Demo_Course. Now at version
DEBUG:django.db.backends:(0.000) SELECT `auth_userprofile`.`id`, `auth_userprofile`.`user_id`, `auth_userprofile`.`name`, `auth_userprofile`.`meta`, `auth_userprofile`.`courseware`, `auth_userprofile`.`language`, `auth_userprofile`.`location`, `auth_userprofile`.`year_of_birth`, `auth_userprofile`.`gender`, `auth_userprofile`.`level_of_education`, `auth_userprofile`.`mailing_address`, `auth_userprofile`.`city`, `auth_userprofile`.`country`,
`auth_userprofile`.`goals`, `auth_userprofile`.`allow_certificate`, `auth_userprofile`.`bio`, `auth_userprofile`.`profile_image_uploaded_at` FROM `auth_userprofile` WHERE `auth_userprofile`.`user_id` = 3 ; args=(3,)
[22/Oct/2015 13:47:31] "POST /courses/course-v1:edX+DemoX+Demo_Course/cohorts/2/add HTTP/1.1" 200 231
DEBUG:django.db.backends:(0.000) SELECT `student_userstanding`.`id`, `student_userstanding`.`user_id`, `student_userstanding`.`account_status`, `student_userstanding`.`changed_by_id`, `student_userstanding`.`standing_last_changed_at` FROM `student_userstanding` WHERE `student_userstanding`.`user_id` = 4 ; args=(4,)
DEBUG:django.db.backends:(0.000) SELECT `user_api_usercoursetag`.`key`, `user_api_usercoursetag`.`value` FROM `user_api_usercoursetag` WHERE (`user_api_usercoursetag`.`course_id` = 'course-v1:edX+DemoX+Demo_Course'  AND `user_api_usercoursetag`.`user_id` = 4 ); args=(u'course-v1:edX+DemoX+Demo_Course', 4)
DEBUG:django.db.backends:(0.000) SELECT `auth_user`.`id`, `auth_user`.`username`, `auth_user`.`first_name`, `auth_user`.`last_name`, `auth_user`.`email`, `auth_user`.`password`, `auth_user`.`is_staff`, `auth_user`.`is_active`, `auth_user`.`is_superuser`, `auth_user`.`last_login`, `auth_user`.`date_joined` FROM `auth_user` WHERE `auth_user`.`username` = 'staff' ; args=(u'staff',)
DEBUG:django.db.backends:(0.000) SELECT `user_api_userpreference`.`id`, `user_api_userpreference`.`user_id`, `user_api_userpreference`.`key`, `user_api_userpreference`.`value` FROM `user_api_userpreference` WHERE (`user_api_userpreference`.`user_id` = 4  AND `user_api_userpreference`.`key` = 'pref-lang' ); args=(4, 'pref-lang')
DEBUG:django.db.backends:(0.000) SELECT `auth_user`.`id`, `auth_user`.`username`, `auth_user`.`first_name`, `auth_user`.`last_name`, `auth_user`.`email`, `auth_user`.`password`, `auth_user`.`is_staff`, `auth_user`.`is_active`, `auth_user`.`is_superuser`, `auth_user`.`last_login`, `auth_user`.`date_joined` FROM `auth_user` WHERE `auth_user`.`username` = 'staff' ; args=(u'staff',)
DEBUG:django.db.backends:(0.000) SELECT `user_api_userpreference`.`id`, `user_api_userpreference`.`user_id`, `user_api_userpreference`.`key`, `user_api_userpreference`.`value` FROM `user_api_userpreference` WHERE (`user_api_userpreference`.`user_id` = 4  AND `user_api_userpreference`.`key` = 'dark-lang' ); args=(4, 'dark-lang')
DEBUG:django.db.backends:(0.000) SELECT `course_groups_coursecohortssettings`.`id`, `course_groups_coursecohortssettings`.`is_cohorted`, `course_groups_coursecohortssettings`.`course_id`, `course_groups_coursecohortssettings`.`cohorted_discussions`, `course_groups_coursecohortssettings`.`always_cohort_inline_discussions` FROM `course_groups_coursecohortssettings` WHERE `course_groups_coursecohortssettings`.`course_id` = 'course-v1:edX+DemoX+Demo_Course' ;
args=(u'course-v1:edX+DemoX+Demo_Course',)
DEBUG:django.db.backends:(0.000) SELECT `course_groups_courseusergroup`.`id`, `course_groups_courseusergroup`.`name`, `course_groups_courseusergroup`.`course_id`, `course_groups_courseusergroup`.`group_type` FROM `course_groups_courseusergroup` WHERE (`course_groups_courseusergroup`.`course_id` = 'course-v1:edX+DemoX+Demo_Course'  AND `course_groups_courseusergroup`.`group_type` = 'cohort' ); args=(u'course-v1:edX+DemoX+Demo_Course', 'cohort')
DEBUG:django.db.backends:(0.000) SELECT `course_groups_courseusergrouppartitiongroup`.`id`, `course_groups_courseusergrouppartitiongroup`.`course_user_group_id`, `course_groups_courseusergrouppartitiongroup`.`partition_id`, `course_groups_courseusergrouppartitiongroup`.`group_id`, `course_groups_courseusergrouppartitiongroup`.`created_at`, `course_groups_courseusergrouppartitiongroup`.`updated_at` FROM
`course_groups_courseusergrouppartitiongroup` WHERE `course_groups_courseusergrouppartitiongroup`.`course_user_group_id` = 1 ; args=(1,)
DEBUG:django.db.backends:(0.000) SELECT `course_groups_coursecohort`.`id`, `course_groups_coursecohort`.`course_user_group_id`, `course_groups_coursecohort`.`assignment_type` FROM `course_groups_coursecohort` WHERE `course_groups_coursecohort`.`course_user_group_id` = 1 ; args=(1,)
DEBUG:django.db.backends:(0.000) SELECT COUNT(*) FROM `auth_user` INNER JOIN `course_groups_courseusergroup_users` ON (`auth_user`.`id` = `course_groups_courseusergroup_users`.`user_id`) WHERE `course_groups_courseusergroup_users`.`courseusergroup_id` = 1 ; args=(1,)
DEBUG:django.db.backends:(0.000) SELECT `course_groups_courseusergrouppartitiongroup`.`id`, `course_groups_courseusergrouppartitiongroup`.`course_user_group_id`, `course_groups_courseusergrouppartitiongroup`.`partition_id`, `course_groups_courseusergrouppartitiongroup`.`group_id`, `course_groups_courseusergrouppartitiongroup`.`created_at`, `course_groups_courseusergrouppartitiongroup`.`updated_at` FROM
`course_groups_courseusergrouppartitiongroup` WHERE `course_groups_courseusergrouppartitiongroup`.`course_user_group_id` = 2 ; args=(2,)
DEBUG:django.db.backends:(0.000) SELECT `course_groups_coursecohort`.`id`, `course_groups_coursecohort`.`course_user_group_id`, `course_groups_coursecohort`.`assignment_type` FROM `course_groups_coursecohort` WHERE `course_groups_coursecohort`.`course_user_group_id` = 2 ; args=(2,)
DEBUG:django.db.backends:(0.000) SELECT COUNT(*) FROM `auth_user` INNER JOIN `course_groups_courseusergroup_users` ON (`auth_user`.`id` = `course_groups_courseusergroup_users`.`user_id`) WHERE `course_groups_courseusergroup_users`.`courseusergroup_id` = 2 ; args=(2,)
[22/Oct/2015 13:47:32] "GET /courses/course-v1:edX+DemoX+Demo_Course/cohorts/ HTTP/1.1" 200 353
