info it worked if it ends with ok
verbose cli [ 'node', '/usr/bin/npm', 'install', '-g', 'coffee-script' ]
info using npm@1.1.4
info using node@v0.6.12
verbose config file /edx/app/edxapp/.npmrc
verbose config file /usr/etc/npmrc
verbose config file /usr/share/npm/npmrc
verbose cache add [ 'coffee-script', null ]
silly cache add: name, spec, args [ undefined, 'coffee-script', [ 'coffee-script', null ] ]
verbose parsed url { pathname: 'coffee-script',
verbose parsed url   path: 'coffee-script',
verbose parsed url   href: 'coffee-script' }
verbose addNamed [ 'coffee-script', '' ]
verbose addNamed [ null, '' ]
silly name, range, hasData [ 'coffee-script', '', false ]
verbose raw, before any munging coffee-script
verbose url resolving [ 'https://registry.npmjs.org/', './coffee-script' ]
verbose url resolved https://registry.npmjs.org/coffee-script
verbose etag "16PDIM53Q458VR4MKPSHPPFDS"
http GET https://registry.npmjs.org/coffee-script
silly get cb [ 304, undefined ]
verbose etag coffee-script from cache
silly name, range, hasData 2 [ 'coffee-script', '', true ]
silly versions [ 'coffee-script',
silly versions   [ '0.7.0',
silly versions     '0.7.1',
silly versions     '0.7.2',
silly versions     '0.9.0',
silly versions     '0.9.1',
silly versions     '0.9.2',
silly versions     '0.9.3',
silly versions     '0.9.4',
silly versions     '0.9.5',
silly versions     '0.9.6',
silly versions     '1.0.0',
silly versions     '1.0.1',
silly versions     '1.1.0',
silly versions     '1.1.1',
silly versions     '1.1.2',
silly versions     '1.1.3',
silly versions     '1.2.0',
silly versions     '1.3.0',
silly versions     '1.3.1',
silly versions     '1.3.2',
silly versions     '1.3.3',
silly versions     '1.4.0',
silly versions     '1.5.0',
silly versions     '1.6.0',
silly versions     '1.6.1' ] ]
verbose bin dist [ '0.6-ares1.7.5-evundefined-openssl1.0.1-v83.7.12.22-linux-x64-3.2.0-23-generic',
verbose bin dist   { shasum: '34b55dedb09cef36d1b1e2908302e057f1e26068',
verbose bin dist     tarball: 'http://registry.npmjs.org/coffee-script/-/coffee-script-1.6.1.tgz' } ]
verbose caching /edx/app/edxapp/.npm/coffee-script/1.6.1/package/package.json
verbose loadDefaults coffee-script@1.6.1
silly resolved [ { name: 'coffee-script',
silly resolved     description: 'Unfancy JavaScript',
silly resolved     keywords: [ 'javascript', 'language', 'coffeescript', 'compiler' ],
silly resolved     author: { name: 'Jeremy Ashkenas' },
silly resolved     version: '1.6.1',
silly resolved     licenses: 
silly resolved      [ { type: 'MIT',
silly resolved          url: 'https://raw.github.com/jashkenas/coffee-script/master/LICENSE' } ],
silly resolved     engines: { node: '>=0.4.0' },
silly resolved     directories: { lib: './lib/coffee-script' },
silly resolved     main: './lib/coffee-script/coffee-script',
silly resolved     bin: { coffee: './bin/coffee', cake: './bin/cake' },
silly resolved     scripts: { test: 'node ./bin/cake test' },
silly resolved     homepage: 'http://coffeescript.org',
silly resolved     bugs: { name: 'https://github.com/jashkenas/coffee-script/issues' },
silly resolved     repository: 
silly resolved      { type: 'git',
silly resolved        url: 'git://github.com/jashkenas/coffee-script.git' },
silly resolved     devDependencies: { 'uglify-js': '~2.2', jison: '>=0.2.0' },
silly resolved     _id: 'coffee-script@1.6.1',
silly resolved     dependencies: {},
silly resolved     optionalDependencies: {},
silly resolved     _engineSupported: true,
silly resolved     _npmVersion: '1.1.4',
silly resolved     _nodeVersion: 'v0.6.12',
silly resolved     _defaultsLoaded: true,
silly resolved     _from: 'coffee-script' } ]
info into /usr/local/lib coffee-script@1.6.1
info installOne coffee-script@1.6.1
verbose from cache /edx/app/edxapp/.npm/coffee-script/1.6.1/package/package.json
info unbuild /usr/local/lib/node_modules/coffee-script
verbose mkdir (expected) error ENOENT, no such file or directory '/usr/local/lib/node_modules'
verbose unpack_ uid, gid [ undefined, undefined ]
verbose unpackTarget /usr/local/lib/node_modules/coffee-script
ERR! Could not create /usr/local/lib/node_modules/___coffee-script.npm
ERR! error installing coffee-script@1.6.1
info unbuild /usr/local/lib/node_modules/coffee-script
verbose installOne cb coffee-script@1.6.1
ERR! Error: EACCES, permission denied '/usr/local/lib/node_modules'
ERR! 
ERR! Please try running this command again as root/Administrator.
ERR! 
ERR! System Linux 3.2.0-23-generic
ERR! command "node" "/usr/bin/npm" "install" "-g" "coffee-script"
ERR! cwd /edx/app/edxapp/edx-platform/lms/static/coffee
ERR! node -v v0.6.12
ERR! npm -v 1.1.4
ERR! path /usr/local/lib/node_modules
ERR! code EACCES
ERR! message EACCES, permission denied '/usr/local/lib/node_modules'
ERR! errno {}
verbose exit [ 1, true ]
